Removed Pin From Net: NetName=CAN_L Pin=R9-1
Removed Pin From Net: NetName=CAN_H Pin=R9-2
Removed Pin From Net: NetName=CAN2_L Pin=R14-1
Removed Pin From Net: NetName=CAN2_H Pin=R14-2
Removed Pin From Net: NetName=CAN_L Pin=U2-6
Removed Pin From Net: NetName=CAN_H Pin=U2-7
Removed Pin From Net: NetName=CAN2_L Pin=U4-6
Removed Pin From Net: NetName=CAN2_H Pin=U4-7
Added Component: Designator=D13(SMB)
Added Component: Designator=D14(SMB)
Added Component: Designator=D15(SMB)
Added Component: Designator=D16(SMB)
Added Component: Designator=F1(12Z-2010)
Added Component: Designator=F2(12Z-2010)
Added Component: Designator=F3(12Z-2010)
Added Component: Designator=F4(12Z-2010)
Added Pin To Net: NetName=GND Pin=D13-1
Added Pin To Net: NetName=GND Pin=D14-1
Added Pin To Net: NetName=GND Pin=D15-1
Added Pin To Net: NetName=GND Pin=D16-1
Added Pin To Net: NetName=CAN_H Pin=F1-1
Added Pin To Net: NetName=CAN2_H Pin=F2-1
Added Pin To Net: NetName=CAN_L Pin=F3-1
Added Pin To Net: NetName=CAN2_L Pin=F4-1
Added Pin To Net: NetName=NetD13_2 Pin=D13-2
Added Pin To Net: NetName=NetD13_2 Pin=F1-2
Added Pin To Net: NetName=NetD13_2 Pin=R9-2
Added Pin To Net: NetName=NetD13_2 Pin=U2-7
Added Net: Name=NetD13_2
Added Pin To Net: NetName=NetD14_2 Pin=D14-2
Added Pin To Net: NetName=NetD14_2 Pin=F2-2
Added Pin To Net: NetName=NetD14_2 Pin=R14-2
Added Pin To Net: NetName=NetD14_2 Pin=U4-7
Added Net: Name=NetD14_2
Added Pin To Net: NetName=NetD15_2 Pin=D15-2
Added Pin To Net: NetName=NetD15_2 Pin=F3-2
Added Pin To Net: NetName=NetD15_2 Pin=R9-1
Added Pin To Net: NetName=NetD15_2 Pin=U2-6
Added Net: Name=NetD15_2
Added Pin To Net: NetName=NetD16_2 Pin=D16-2
Added Pin To Net: NetName=NetD16_2 Pin=F4-2
Added Pin To Net: NetName=NetD16_2 Pin=R14-1
Added Pin To Net: NetName=NetD16_2 Pin=U4-6
Added Net: Name=NetD16_2
Added Member To Class: ClassName=Ö÷¿Ø°å20160428 Member=Component D13 D Schottky
Added Member To Class: ClassName=Ö÷¿Ø°å20160428 Member=Component D14 D Schottky
Added Member To Class: ClassName=Ö÷¿Ø°å20160428 Member=Component D15 D Schottky
Added Member To Class: ClassName=Ö÷¿Ø°å20160428 Member=Component D16 D Schottky
Added Member To Class: ClassName=Ö÷¿Ø°å20160428 Member=Component F1 Fuse 2
Added Member To Class: ClassName=Ö÷¿Ø°å20160428 Member=Component F2 Fuse 2
Added Member To Class: ClassName=Ö÷¿Ø°å20160428 Member=Component F3 Fuse 2
Added Member To Class: ClassName=Ö÷¿Ø°å20160428 Member=Component F4 Fuse 2
